This file contains any messages produced by compilers while
running configure, to aid debugging if configure makes a mistake.

It was created by configure, which was
generated by GNU Autoconf 2.61.  Invocation command line was

  $ ./configure 

## --------- ##
## Platform. ##
## --------- ##

hostname = alice.local
uname -m = i386
uname -r = 10.8.0
uname -s = Darwin
uname -v = Darwin Kernel Version 10.8.0: Tue Jun  7 16:33:36 PDT 2011; root:xnu-1504.15.3~1/RELEASE_I386

/usr/bin/uname -p = i386
/bin/uname -X     = unknown

/bin/arch              = unknown
/usr/bin/arch -k       = unknown
/usr/convex/getsysinfo = unknown
/usr/bin/hostinfo      = Mach kernel version:
	 Darwin Kernel Version 10.8.0: Tue Jun  7 16:33:36 PDT 2011; root:xnu-1504.15.3~1/RELEASE_I386
Kernel configured for up to 2 processors.
2 processors are physically available.
2 processors are logically available.
Processor type: i486 (Intel 80486)
Processors active: 0 1
Primary memory available: 4.00 gigabytes
Default processor set: 123 tasks, 700 threads, 2 processors
Load average: 0.69, Mach factor: 1.30
/bin/machine           = unknown
/usr/bin/oslevel       = unknown
/bin/universe          = unknown

PATH: /sw/bin
PATH: /sw/sbin
PATH: /usr/bin
PATH: /bin
PATH: /usr/sbin
PATH: /sbin
PATH: /usr/local/bin
PATH: /usr/X11/bin
PATH: /usr/X11R6/bin
PATH: /usr/local/mongo/bin


## ----------- ##
## Core tests. ##
## ----------- ##

configure:2006: checking for a BSD-compatible install
configure:2062: result: /usr/bin/install -c
configure:2073: checking whether build environment is sane
configure:2116: result: yes
configure:2144: checking for a thread-safe mkdir -p
configure:2183: result: ./install-sh -c -d
configure:2196: checking for gawk
configure:2226: result: no
configure:2196: checking for mawk
configure:2226: result: no
configure:2196: checking for nawk
configure:2226: result: no
configure:2196: checking for awk
configure:2212: found /usr/bin/awk
configure:2223: result: awk
configure:2234: checking whether make sets $(MAKE)
configure:2255: result: yes
configure:2443: checking whether to enable maintainer-specific portions of Makefiles
configure:2452: result: no
configure:2478: checking for style of include used by make
configure:2506: result: GNU
configure:2576: checking for gcc
configure:2592: found /usr/bin/gcc
configure:2603: result: gcc
configure:2841: checking for C compiler version
configure:2848: gcc --version >&5
i686-apple-darwin10-gcc-4.2.1 (GCC) 4.2.1 (Apple Inc. build 5659)
Copyright (C) 2007 Free Software Foundation, Inc.
This is free software; see the source for copying conditions.  There is NO
warranty; not even for MERCHANTABILITY or FITNESS FOR A PARTICULAR PURPOSE.

configure:2851: $? = 0
configure:2858: gcc -v >&5
Using built-in specs.
Target: i686-apple-darwin10
Configured with: /var/tmp/gcc/gcc-5659~1/src/configure --disable-checking --enable-werror --prefix=/usr --mandir=/share/man --enable-languages=c,objc,c++,obj-c++ --program-transform-name=/^[cg][^.-]*$/s/$/-4.2/ --with-slibdir=/usr/lib --build=i686-apple-darwin10 --program-prefix=i686-apple-darwin10- --host=x86_64-apple-darwin10 --target=i686-apple-darwin10 --with-gxx-include-dir=/include/c++/4.2.1
Thread model: posix
gcc version 4.2.1 (Apple Inc. build 5659)
configure:2861: $? = 0
configure:2868: gcc -V >&5
gcc-4.2: argument to `-V' is missing
configure:2871: $? = 1
configure:2894: checking for C compiler default output file name
configure:2921: gcc    conftest.c  >&5
configure:2924: $? = 0
configure:2962: result: a.out
configure:2979: checking whether the C compiler works
configure:2989: ./a.out
configure:2992: $? = 0
configure:3009: result: yes
configure:3016: checking whether we are cross compiling
configure:3018: result: no
configure:3021: checking for suffix of executables
configure:3028: gcc -o conftest    conftest.c  >&5
configure:3031: $? = 0
configure:3055: result: 
configure:3061: checking for suffix of object files
configure:3087: gcc -c   conftest.c >&5
configure:3090: $? = 0
configure:3113: result: o
configure:3117: checking whether we are using the GNU C compiler
configure:3146: gcc -c   conftest.c >&5
configure:3152: $? = 0
configure:3169: result: yes
configure:3174: checking whether gcc accepts -g
configure:3204: gcc -c -g  conftest.c >&5
configure:3210: $? = 0
configure:3309: result: yes
configure:3326: checking for gcc option to accept ISO C89
configure:3400: gcc  -c -g -O2  conftest.c >&5
configure:3406: $? = 0
configure:3429: result: none needed
configure:3449: checking dependency style of gcc
configure:3540: result: gcc3
configure:3556: checking for library containing strerror
configure:3597: gcc -o conftest -g -O2   conftest.c  >&5
configure:3603: $? = 0
configure:3631: result: none required
configure:3687: checking for gcc
configure:3714: result: gcc
configure:3952: checking for C compiler version
configure:3959: gcc --version >&5
i686-apple-darwin10-gcc-4.2.1 (GCC) 4.2.1 (Apple Inc. build 5659)
Copyright (C) 2007 Free Software Foundation, Inc.
This is free software; see the source for copying conditions.  There is NO
warranty; not even for MERCHANTABILITY or FITNESS FOR A PARTICULAR PURPOSE.

configure:3962: $? = 0
configure:3969: gcc -v >&5
Using built-in specs.
Target: i686-apple-darwin10
Configured with: /var/tmp/gcc/gcc-5659~1/src/configure --disable-checking --enable-werror --prefix=/usr --mandir=/share/man --enable-languages=c,objc,c++,obj-c++ --program-transform-name=/^[cg][^.-]*$/s/$/-4.2/ --with-slibdir=/usr/lib --build=i686-apple-darwin10 --program-prefix=i686-apple-darwin10- --host=x86_64-apple-darwin10 --target=i686-apple-darwin10 --with-gxx-include-dir=/include/c++/4.2.1
Thread model: posix
gcc version 4.2.1 (Apple Inc. build 5659)
configure:3972: $? = 0
configure:3979: gcc -V >&5
gcc-4.2: argument to `-V' is missing
configure:3982: $? = 1
configure:3985: checking whether we are using the GNU C compiler
configure:4037: result: yes
configure:4042: checking whether gcc accepts -g
configure:4177: result: yes
configure:4194: checking for gcc option to accept ISO C89
configure:4297: result: none needed
configure:4317: checking dependency style of gcc
configure:4408: result: gcc3
configure:4428: checking how to run the C preprocessor
configure:4468: gcc -E  conftest.c
configure:4474: $? = 0
configure:4505: gcc -E  conftest.c
conftest.c:10:28: error: ac_nonexistent.h: No such file or directory
configure:4511: $? = 1
configure: failed program was:
| /* confdefs.h.  */
| #define PACKAGE_NAME ""
| #define PACKAGE_TARNAME ""
| #define PACKAGE_VERSION ""
| #define PACKAGE_STRING ""
| #define PACKAGE_BUGREPORT ""
| #define PACKAGE "link-grammar"
| #define VERSION "4.3.5"
| /* end confdefs.h.  */
| #include <ac_nonexistent.h>
configure:4544: result: gcc -E
configure:4573: gcc -E  conftest.c
configure:4579: $? = 0
configure:4610: gcc -E  conftest.c
conftest.c:10:28: error: ac_nonexistent.h: No such file or directory
configure:4616: $? = 1
configure: failed program was:
| /* confdefs.h.  */
| #define PACKAGE_NAME ""
| #define PACKAGE_TARNAME ""
| #define PACKAGE_VERSION ""
| #define PACKAGE_STRING ""
| #define PACKAGE_BUGREPORT ""
| #define PACKAGE "link-grammar"
| #define VERSION "4.3.5"
| /* end confdefs.h.  */
| #include <ac_nonexistent.h>
configure:4666: checking for a BSD-compatible install
configure:4722: result: /usr/bin/install -c
configure:4733: checking whether ln -s works
configure:4737: result: yes
configure:4744: checking whether make sets $(MAKE)
configure:4765: result: yes
configure:4775: checking for grep that handles long lines and -e
configure:4849: result: /usr/bin/grep
configure:4854: checking for egrep
configure:4932: result: /usr/bin/grep -E
configure:4937: checking for ANSI C header files
configure:4967: gcc -c -g -O2  conftest.c >&5
configure:4973: $? = 0
configure:5072: gcc -o conftest -g -O2   conftest.c  >&5
configure:5075: $? = 0
configure:5081: ./conftest
configure:5084: $? = 0
configure:5101: result: yes
configure:5191: checking build system type
configure:5209: result: i386-apple-darwin10.8.0
configure:5231: checking host system type
configure:5246: result: i386-apple-darwin10.8.0
configure:5268: checking for a sed that does not truncate output
configure:5324: result: /usr/bin/sed
configure:5338: checking for ld used by gcc
configure:5405: result: /usr/libexec/gcc/i686-apple-darwin10/4.2.1/ld
configure:5414: checking if the linker (/usr/libexec/gcc/i686-apple-darwin10/4.2.1/ld) is GNU ld
configure:5429: result: no
configure:5434: checking for /usr/libexec/gcc/i686-apple-darwin10/4.2.1/ld option to reload object files
configure:5441: result: -r
configure:5459: checking for BSD-compatible nm
configure:5508: result: /usr/bin/nm
configure:5512: checking how to recognize dependent libraries
configure:5698: result: pass_all
configure:6237: checking for sys/types.h
configure:6258: gcc -c -g -O2  conftest.c >&5
configure:6264: $? = 0
configure:6280: result: yes
configure:6237: checking for sys/stat.h
configure:6258: gcc -c -g -O2  conftest.c >&5
configure:6264: $? = 0
configure:6280: result: yes
configure:6237: checking for stdlib.h
configure:6258: gcc -c -g -O2  conftest.c >&5
configure:6264: $? = 0
configure:6280: result: yes
configure:6237: checking for string.h
configure:6258: gcc -c -g -O2  conftest.c >&5
configure:6264: $? = 0
configure:6280: result: yes
configure:6237: checking for memory.h
configure:6258: gcc -c -g -O2  conftest.c >&5
configure:6264: $? = 0
configure:6280: result: yes
configure:6237: checking for strings.h
configure:6258: gcc -c -g -O2  conftest.c >&5
configure:6264: $? = 0
configure:6280: result: yes
configure:6237: checking for inttypes.h
configure:6258: gcc -c -g -O2  conftest.c >&5
configure:6264: $? = 0
configure:6280: result: yes
configure:6237: checking for stdint.h
configure:6258: gcc -c -g -O2  conftest.c >&5
configure:6264: $? = 0
configure:6280: result: yes
configure:6237: checking for unistd.h
configure:6258: gcc -c -g -O2  conftest.c >&5
configure:6264: $? = 0
configure:6280: result: yes
configure:6307: checking dlfcn.h usability
configure:6324: gcc -c -g -O2  conftest.c >&5
configure:6330: $? = 0
configure:6344: result: yes
configure:6348: checking dlfcn.h presence
configure:6363: gcc -E  conftest.c
configure:6369: $? = 0
configure:6383: result: yes
configure:6411: checking for dlfcn.h
configure:6419: result: yes
configure:6490: checking for g++
configure:6506: found /usr/bin/g++
configure:6517: result: g++
configure:6548: checking for C++ compiler version
configure:6555: g++ --version >&5
i686-apple-darwin10-g++-4.2.1 (GCC) 4.2.1 (Apple Inc. build 5659)
Copyright (C) 2007 Free Software Foundation, Inc.
This is free software; see the source for copying conditions.  There is NO
warranty; not even for MERCHANTABILITY or FITNESS FOR A PARTICULAR PURPOSE.

configure:6558: $? = 0
configure:6565: g++ -v >&5
Using built-in specs.
Target: i686-apple-darwin10
Configured with: /var/tmp/gcc/gcc-5659~1/src/configure --disable-checking --enable-werror --prefix=/usr --mandir=/share/man --enable-languages=c,objc,c++,obj-c++ --program-transform-name=/^[cg][^.-]*$/s/$/-4.2/ --with-slibdir=/usr/lib --build=i686-apple-darwin10 --program-prefix=i686-apple-darwin10- --host=x86_64-apple-darwin10 --target=i686-apple-darwin10 --with-gxx-include-dir=/include/c++/4.2.1
Thread model: posix
gcc version 4.2.1 (Apple Inc. build 5659)
configure:6568: $? = 0
configure:6575: g++ -V >&5
g++-4.2: argument to `-V' is missing
configure:6578: $? = 1
configure:6581: checking whether we are using the GNU C++ compiler
configure:6610: g++ -c   conftest.cpp >&5
configure:6616: $? = 0
configure:6633: result: yes
configure:6638: checking whether g++ accepts -g
configure:6668: g++ -c -g  conftest.cpp >&5
configure:6674: $? = 0
configure:6773: result: yes
configure:6798: checking dependency style of g++
configure:6889: result: gcc3
configure:6914: checking how to run the C++ preprocessor
configure:6950: g++ -E  conftest.cpp
configure:6956: $? = 0
configure:6987: g++ -E  conftest.cpp
conftest.cpp:21:28: error: ac_nonexistent.h: No such file or directory
configure:6993: $? = 1
configure: failed program was:
| /* confdefs.h.  */
| #define PACKAGE_NAME ""
| #define PACKAGE_TARNAME ""
| #define PACKAGE_VERSION ""
| #define PACKAGE_STRING ""
| #define PACKAGE_BUGREPORT ""
| #define PACKAGE "link-grammar"
| #define VERSION "4.3.5"
| #define STDC_HEADERS 1
| #define HAVE_SYS_TYPES_H 1
| #define HAVE_SYS_STAT_H 1
| #define HAVE_STDLIB_H 1
| #define HAVE_STRING_H 1
| #define HAVE_MEMORY_H 1
| #define HAVE_STRINGS_H 1
| #define HAVE_INTTYPES_H 1
| #define HAVE_STDINT_H 1
| #define HAVE_UNISTD_H 1
| #define HAVE_DLFCN_H 1
| /* end confdefs.h.  */
| #include <ac_nonexistent.h>
configure:7026: result: g++ -E
configure:7055: g++ -E  conftest.cpp
configure:7061: $? = 0
configure:7092: g++ -E  conftest.cpp
conftest.cpp:21:28: error: ac_nonexistent.h: No such file or directory
configure:7098: $? = 1
configure: failed program was:
| /* confdefs.h.  */
| #define PACKAGE_NAME ""
| #define PACKAGE_TARNAME ""
| #define PACKAGE_VERSION ""
| #define PACKAGE_STRING ""
| #define PACKAGE_BUGREPORT ""
| #define PACKAGE "link-grammar"
| #define VERSION "4.3.5"
| #define STDC_HEADERS 1
| #define HAVE_SYS_TYPES_H 1
| #define HAVE_SYS_STAT_H 1
| #define HAVE_STDLIB_H 1
| #define HAVE_STRING_H 1
| #define HAVE_MEMORY_H 1
| #define HAVE_STRINGS_H 1
| #define HAVE_INTTYPES_H 1
| #define HAVE_STDINT_H 1
| #define HAVE_UNISTD_H 1
| #define HAVE_DLFCN_H 1
| /* end confdefs.h.  */
| #include <ac_nonexistent.h>
configure:7191: checking for g77
configure:7221: result: no
configure:7191: checking for xlf
configure:7221: result: no
configure:7191: checking for f77
configure:7221: result: no
configure:7191: checking for frt
configure:7221: result: no
configure:7191: checking for pgf77
configure:7221: result: no
configure:7191: checking for cf77
configure:7221: result: no
configure:7191: checking for fort77
configure:7221: result: no
configure:7191: checking for fl32
configure:7221: result: no
configure:7191: checking for af77
configure:7221: result: no
configure:7191: checking for xlf90
configure:7221: result: no
configure:7191: checking for f90
configure:7221: result: no
configure:7191: checking for pgf90
configure:7221: result: no
configure:7191: checking for pghpf
configure:7221: result: no
configure:7191: checking for epcf90
configure:7221: result: no
configure:7191: checking for gfortran
configure:7221: result: no
configure:7191: checking for g95
configure:7221: result: no
configure:7191: checking for xlf95
configure:7221: result: no
configure:7191: checking for f95
configure:7221: result: no
configure:7191: checking for fort
configure:7221: result: no
configure:7191: checking for ifort
configure:7221: result: no
configure:7191: checking for ifc
configure:7221: result: no
configure:7191: checking for efc
configure:7221: result: no
configure:7191: checking for pgf95
configure:7221: result: no
configure:7191: checking for lf95
configure:7221: result: no
configure:7191: checking for ftn
configure:7221: result: no
configure:7248: checking for Fortran 77 compiler version
configure:7255:  --version >&5
./configure: line 7256: --version: command not found
configure:7258: $? = 127
configure:7265:  -v >&5
./configure: line 7266: -v: command not found
configure:7268: $? = 127
configure:7275:  -V >&5
./configure: line 7276: -V: command not found
configure:7278: $? = 127
configure:7286: checking whether we are using the GNU Fortran 77 compiler
configure:7305:  -c  conftest.F >&5
./configure: line 7306: -c: command not found
configure:7311: $? = 127
configure: failed program was:
|       program main
| #ifndef __GNUC__
|        choke me
| #endif
| 
|       end
configure:7328: result: no
configure:7334: checking whether  accepts -g
configure:7351:  -c -g conftest.f >&5
./configure: line 7352: -c: command not found
configure:7357: $? = 127
configure: failed program was:
|       program main
| 
|       end
configure:7373: result: no
configure:7403: checking the maximum length of command line arguments
configure:7515: result: 196608
configure:7527: checking command to parse /usr/bin/nm output from gcc object
configure:7632: gcc -c -g -O2  conftest.c >&5
configure:7635: $? = 0
configure:7639: /usr/bin/nm conftest.o \| sed -n -e 's/^.*[ 	]\([BCDEGRST][BCDEGRST]*\)[ 	][ 	]*\([_A-Za-z][_A-Za-z0-9]*\)$/\1 \2 \2/p' \> conftest.nm
configure:7642: $? = 0
cannot find nm_test_var in conftest.nm
configure:7632: gcc -c -g -O2  conftest.c >&5
configure:7635: $? = 0
configure:7639: /usr/bin/nm conftest.o \| sed -n -e 's/^.*[ 	]\([BCDEGRST][BCDEGRST]*\)[ 	][ 	]*_\([_A-Za-z][_A-Za-z0-9]*\)$/\1 _\2 \2/p' \> conftest.nm
configure:7642: $? = 0
configure:7694: gcc -o conftest -g -O2   conftest.c conftstm.o >&5
configure:7697: $? = 0
configure:7735: result: ok
configure:7739: checking for objdir
configure:7754: result: .libs
configure:7846: checking for ar
configure:7862: found /usr/bin/ar
configure:7873: result: ar
configure:7942: checking for ranlib
configure:7958: found /usr/bin/ranlib
configure:7969: result: ranlib
configure:8038: checking for strip
configure:8054: found /usr/bin/strip
configure:8065: result: strip
configure:8351: checking if gcc supports -fno-rtti -fno-exceptions
configure:8369: gcc -c -g -O2  -fno-rtti -fno-exceptions conftest.c >&5
cc1: warning: command line option "-fno-rtti" is valid for C++/ObjC++ but not for C
configure:8373: $? = 0
configure:8386: result: no
configure:8401: checking for gcc option to produce PIC
configure:8633: result: -fno-common
configure:8641: checking if gcc PIC flag -fno-common works
configure:8659: gcc -c -g -O2  -fno-common -DPIC conftest.c >&5
configure:8663: $? = 0
configure:8676: result: yes
configure:8704: checking if gcc static flag -static works
configure:8732: result: no
configure:8742: checking if gcc supports -c -o file.o
configure:8763: gcc -c -g -O2  -o out/conftest2.o conftest.c >&5
configure:8767: $? = 0
configure:8789: result: yes
configure:8815: checking whether the gcc linker (/usr/libexec/gcc/i686-apple-darwin10/4.2.1/ld) supports shared libraries
configure:9796: result: yes
configure:9863: checking dynamic linker characteristics
configure:10477: result: darwin10.8.0 dyld
configure:10486: checking how to hardcode library paths into programs
configure:10511: result: immediate
configure:10525: checking whether stripping libraries is possible
configure:10539: result: yes
configure:11332: checking if libtool supports shared libraries
configure:11334: result: yes
configure:11337: checking whether to build shared libraries
configure:11358: result: yes
configure:11361: checking whether to build static libraries
configure:11365: result: yes
configure:11458: creating libtool
configure:12046: checking for ld used by g++
configure:12113: result: /usr/libexec/gcc/i686-apple-darwin10/4.2.1/ld
configure:12122: checking if the linker (/usr/libexec/gcc/i686-apple-darwin10/4.2.1/ld) is GNU ld
configure:12137: result: no
configure:12188: checking whether the g++ linker (/usr/libexec/gcc/i686-apple-darwin10/4.2.1/ld) supports shared libraries
configure:13162: result: yes
configure:13180: g++ -c -g -O2  conftest.cpp >&5
configure:13183: $? = 0
configure:13335: checking for g++ option to produce PIC
configure:13619: result: -fno-common
configure:13627: checking if g++ PIC flag -fno-common works
configure:13645: g++ -c -g -O2  -fno-common -DPIC conftest.cpp >&5
configure:13649: $? = 0
configure:13662: result: yes
configure:13690: checking if g++ static flag -static works
configure:13718: result: no
configure:13728: checking if g++ supports -c -o file.o
configure:13749: g++ -c -g -O2  -o out/conftest2.o conftest.cpp >&5
configure:13753: $? = 0
configure:13775: result: yes
configure:13801: checking whether the g++ linker (/usr/libexec/gcc/i686-apple-darwin10/4.2.1/ld) supports shared libraries
configure:13829: result: yes
configure:13896: checking dynamic linker characteristics
configure:14458: result: darwin10.8.0 dyld
configure:14467: checking how to hardcode library paths into programs
configure:14492: result: immediate
configure:20709: checking for /proc/self/maps
configure:20724: result: no
configure:20727: checking whether everything is installed to the same prefix
configure:20743: result: no
configure:20746: checking whether binary relocation support should be enabled
configure:20764: result: no
configure:20886: checking for an ANSI C-conforming const
configure:20961: gcc -c -g -O2  conftest.c >&5
configure:20967: $? = 0
configure:20982: result: yes
configure:20993: checking for native Win32
configure:21003: result: no
configure:21040: checking locale.h usability
configure:21057: gcc -c -g -O2  conftest.c >&5
configure:21063: $? = 0
configure:21077: result: yes
configure:21081: checking locale.h presence
configure:21096: gcc -E  conftest.c
configure:21102: $? = 0
configure:21116: result: yes
configure:21144: checking for locale.h
configure:21152: result: yes
configure:21166: checking for LC_MESSAGES
configure:21192: gcc -o conftest -g -O2   conftest.c  >&5
configure:21198: $? = 0
configure:21215: result: yes
configure:21237: checking editline/readline.h usability
configure:21254: gcc -c -g -O2  conftest.c >&5
configure:21260: $? = 0
configure:21274: result: yes
configure:21278: checking editline/readline.h presence
configure:21293: gcc -E  conftest.c
configure:21299: $? = 0
configure:21313: result: yes
configure:21341: checking for editline/readline.h
configure:21348: result: yes
configure:21386: checking for supported warning flags
configure:21408: checking whether gcc supports -Wall
configure:21423: gcc -c -g -O2 -Wall  -DHAVE_EDITLINE=1 conftest.c >&5
configure:21429: $? = 0
configure:21450: result: yes
configure:21408: checking whether gcc supports -Wextra
configure:21423: gcc -c -g -O2 -Wextra  -DHAVE_EDITLINE=1 conftest.c >&5
configure:21429: $? = 0
configure:21450: result: yes
configure:21408: checking whether gcc supports -Wsign-compare
configure:21423: gcc -c -g -O2 -Wsign-compare  -DHAVE_EDITLINE=1 conftest.c >&5
configure:21429: $? = 0
configure:21450: result: yes
configure:21408: checking whether gcc supports -Werror-implicit-function-declaration
configure:21423: gcc -c -g -O2 -Werror-implicit-function-declaration  -DHAVE_EDITLINE=1 conftest.c >&5
configure:21429: $? = 0
configure:21450: result: yes
configure:21408: checking whether gcc supports -Wpointer-arith
configure:21423: gcc -c -g -O2 -Wpointer-arith  -DHAVE_EDITLINE=1 conftest.c >&5
configure:21429: $? = 0
configure:21450: result: yes
configure:21408: checking whether gcc supports -Wwrite-strings
configure:21423: gcc -c -g -O2 -Wwrite-strings  -DHAVE_EDITLINE=1 conftest.c >&5
configure:21429: $? = 0
configure:21450: result: yes
configure:21408: checking whether gcc supports -Wstrict-prototypes
configure:21423: gcc -c -g -O2 -Wstrict-prototypes  -DHAVE_EDITLINE=1 conftest.c >&5
configure:21429: $? = 0
configure:21450: result: yes
configure:21408: checking whether gcc supports -Wmissing-prototypes
configure:21423: gcc -c -g -O2 -Wmissing-prototypes  -DHAVE_EDITLINE=1 conftest.c >&5
configure:21429: $? = 0
configure:21450: result: yes
configure:21408: checking whether gcc supports -Wmissing-declarations
configure:21423: gcc -c -g -O2 -Wmissing-declarations  -DHAVE_EDITLINE=1 conftest.c >&5
configure:21429: $? = 0
configure:21450: result: yes
configure:21408: checking whether gcc supports -Wnested-externs
configure:21423: gcc -c -g -O2 -Wnested-externs  -DHAVE_EDITLINE=1 conftest.c >&5
configure:21429: $? = 0
configure:21450: result: yes
configure:21408: checking whether gcc supports -Wpacked
configure:21423: gcc -c -g -O2 -Wpacked  -DHAVE_EDITLINE=1 conftest.c >&5
configure:21429: $? = 0
configure:21450: result: yes
configure:21408: checking whether gcc supports -Wswitch-enum
configure:21423: gcc -c -g -O2 -Wswitch-enum  -DHAVE_EDITLINE=1 conftest.c >&5
configure:21429: $? = 0
configure:21450: result: yes
configure:21408: checking whether gcc supports -Wmissing-format-attribute
configure:21423: gcc -c -g -O2 -Wmissing-format-attribute  -DHAVE_EDITLINE=1 conftest.c >&5
configure:21429: $? = 0
configure:21450: result: yes
configure:21408: checking whether gcc supports -Wstrict-aliasing=2
configure:21423: gcc -c -g -O2 -Wstrict-aliasing=2  -DHAVE_EDITLINE=1 conftest.c >&5
configure:21429: $? = 0
configure:21450: result: yes
configure:21408: checking whether gcc supports -Winit-self
configure:21423: gcc -c -g -O2 -Winit-self  -DHAVE_EDITLINE=1 conftest.c >&5
configure:21429: $? = 0
configure:21450: result: yes
configure:21408: checking whether gcc supports -Wunsafe-loop-optimizations
configure:21423: gcc -c -g -O2 -Wunsafe-loop-optimizations  -DHAVE_EDITLINE=1 conftest.c >&5
configure:21429: $? = 0
configure:21450: result: yes
configure:21408: checking whether gcc supports -Wdeclaration-after-statement
configure:21423: gcc -c -g -O2 -Wdeclaration-after-statement  -DHAVE_EDITLINE=1 conftest.c >&5
configure:21429: $? = 0
configure:21450: result: yes
configure:21408: checking whether gcc supports -Wold-style-definition
configure:21423: gcc -c -g -O2 -Wold-style-definition  -DHAVE_EDITLINE=1 conftest.c >&5
configure:21429: $? = 0
configure:21450: result: yes
configure:21408: checking whether gcc supports -Wno-missing-field-initializers
configure:21423: gcc -c -g -O2 -Wno-missing-field-initializers  -DHAVE_EDITLINE=1 conftest.c >&5
configure:21429: $? = 0
configure:21450: result: yes
configure:21408: checking whether gcc supports -Wno-unused-parameter
configure:21423: gcc -c -g -O2 -Wno-unused-parameter  -DHAVE_EDITLINE=1 conftest.c >&5
configure:21429: $? = 0
configure:21450: result: yes
configure:21408: checking whether gcc supports -Wno-attributes
configure:21423: gcc -c -g -O2 -Wno-attributes  -DHAVE_EDITLINE=1 conftest.c >&5
configure:21429: $? = 0
configure:21450: result: yes
configure:21408: checking whether gcc supports -Wno-long-long
configure:21423: gcc -c -g -O2 -Wno-long-long  -DHAVE_EDITLINE=1 conftest.c >&5
configure:21429: $? = 0
configure:21450: result: yes
configure:21408: checking whether gcc supports -Winline
configure:21423: gcc -c -g -O2 -Winline  -DHAVE_EDITLINE=1 conftest.c >&5
configure:21429: $? = 0
configure:21450: result: yes
configure:21458: checking which warning flags were supported
configure:21461: result:  -Wall -Wextra -Wsign-compare -Werror-implicit-function-declaration -Wpointer-arith -Wwrite-strings -Wstrict-prototypes -Wmissing-prototypes -Wmissing-declarations -Wnested-externs -Wpacked -Wswitch-enum -Wmissing-format-attribute -Wstrict-aliasing=2 -Winit-self -Wunsafe-loop-optimizations -Wdeclaration-after-statement -Wold-style-definition -Wno-missing-field-initializers -Wno-unused-parameter -Wno-attributes -Wno-long-long -Winline
configure:21467: checking whether gcc supports -fno-strict-aliasing
configure:21482: gcc -c -g -O2 -fno-strict-aliasing  -DHAVE_EDITLINE=1 conftest.c >&5
configure:21488: $? = 0
configure:21509: result: yes
configure:21527: checking for jni.h
configure:21542: gcc -E  -DHAVE_EDITLINE=1 conftest.c
conftest.c:23:17: error: jni.h: No such file or directory
configure:21548: $? = 1
configure: failed program was:
| /* confdefs.h.  */
| #define PACKAGE_NAME ""
| #define PACKAGE_TARNAME ""
| #define PACKAGE_VERSION ""
| #define PACKAGE_STRING ""
| #define PACKAGE_BUGREPORT ""
| #define PACKAGE "link-grammar"
| #define VERSION "4.3.5"
| #define STDC_HEADERS 1
| #define HAVE_SYS_TYPES_H 1
| #define HAVE_SYS_STAT_H 1
| #define HAVE_STDLIB_H 1
| #define HAVE_STRING_H 1
| #define HAVE_MEMORY_H 1
| #define HAVE_STRINGS_H 1
| #define HAVE_INTTYPES_H 1
| #define HAVE_STDINT_H 1
| #define HAVE_UNISTD_H 1
| #define HAVE_DLFCN_H 1
| #define HAVE_LOCALE_H 1
| #define HAVE_LC_MESSAGES 1
| /* end confdefs.h.  */
| #include <jni.h>
configure:21563: WARNING: Can't find jni.h header in standard locations, trying again with  -DHAVE_EDITLINE=1     -I/usr/include/classpath/    -I/opt/jdk1.5/include/    -I/opt/jdk1.5/include/linux    -I/usr/lib/jvm/java-6-sun/include/    -I/usr/lib/jvm/java-6-sun/include/linux    -I/c/java/jdk1.6.0/include/    -I/c/java/jdk1.6.0/include/win32/    -I/Developer/SDKs/MacOSX10.5.sdk/System/Library/Frameworks/JavaVM.framework/Headers/    -I/Developer/SDKs/MacOSX10.4u.sdk/System/Library/Frameworks/JavaVM.framework/Headers/ 
configure:21578: gcc -E  -DHAVE_EDITLINE=1     -I/usr/include/classpath/    -I/opt/jdk1.5/include/    -I/opt/jdk1.5/include/linux    -I/usr/lib/jvm/java-6-sun/include/    -I/usr/lib/jvm/java-6-sun/include/linux    -I/c/java/jdk1.6.0/include/    -I/c/java/jdk1.6.0/include/win32/    -I/Developer/SDKs/MacOSX10.5.sdk/System/Library/Frameworks/JavaVM.framework/Headers/    -I/Developer/SDKs/MacOSX10.4u.sdk/System/Library/Frameworks/JavaVM.framework/Headers/  conftest.c
configure:21584: $? = 0
configure:21589: result: yes, will build java libs
configure:21823: creating ./config.status

## ---------------------- ##
## Running config.status. ##
## ---------------------- ##

This file was extended by config.status, which was
generated by GNU Autoconf 2.61.  Invocation command line was

  CONFIG_FILES    = 
  CONFIG_HEADERS  = 
  CONFIG_LINKS    = 
  CONFIG_COMMANDS = 
  $ ./config.status 

on alice.local

config.status:678: creating Makefile
config.status:678: creating build.xml
config.status:678: creating link-grammar.pc
config.status:678: creating link-grammar.spec
config.status:678: creating link-grammar/Makefile
config.status:678: creating link-grammar/link-features.h
config.status:678: creating data/Makefile
config.status:678: creating data/en/Makefile
config.status:678: creating data/en/words/Makefile
config.status:678: creating data/lt/Makefile
config.status:678: creating man/Makefile
config.status:678: creating autopackage/default.apspec
config.status:678: creating link-grammar.xcode/Makefile
config.status:869: executing depfiles commands

## ---------------- ##
## Cache variables. ##
## ---------------- ##

ac_cv_build=i386-apple-darwin10.8.0
ac_cv_c_compiler_gnu=yes
ac_cv_c_const=yes
ac_cv_cxx_compiler_gnu=yes
ac_cv_env_CCC_set=
ac_cv_env_CCC_value=
ac_cv_env_CC_set=
ac_cv_env_CC_value=
ac_cv_env_CFLAGS_set=
ac_cv_env_CFLAGS_value=
ac_cv_env_CPPFLAGS_set=
ac_cv_env_CPPFLAGS_value=
ac_cv_env_CPP_set=
ac_cv_env_CPP_value=
ac_cv_env_CXXCPP_set=
ac_cv_env_CXXCPP_value=
ac_cv_env_CXXFLAGS_set=
ac_cv_env_CXXFLAGS_value=
ac_cv_env_CXX_set=
ac_cv_env_CXX_value=
ac_cv_env_F77_set=
ac_cv_env_F77_value=
ac_cv_env_FFLAGS_set=
ac_cv_env_FFLAGS_value=
ac_cv_env_LDFLAGS_set=
ac_cv_env_LDFLAGS_value=
ac_cv_env_LIBS_set=
ac_cv_env_LIBS_value=
ac_cv_env_build_alias_set=
ac_cv_env_build_alias_value=
ac_cv_env_host_alias_set=
ac_cv_env_host_alias_value=
ac_cv_env_target_alias_set=
ac_cv_env_target_alias_value=
ac_cv_f77_compiler_gnu=no
ac_cv_file__proc_self_maps=no
ac_cv_header_dlfcn_h=yes
ac_cv_header_editline_readline_h=yes
ac_cv_header_inttypes_h=yes
ac_cv_header_locale_h=yes
ac_cv_header_memory_h=yes
ac_cv_header_stdc=yes
ac_cv_header_stdint_h=yes
ac_cv_header_stdlib_h=yes
ac_cv_header_string_h=yes
ac_cv_header_strings_h=yes
ac_cv_header_sys_stat_h=yes
ac_cv_header_sys_types_h=yes
ac_cv_header_unistd_h=yes
ac_cv_host=i386-apple-darwin10.8.0
ac_cv_objext=o
ac_cv_path_EGREP='/usr/bin/grep -E'
ac_cv_path_GREP=/usr/bin/grep
ac_cv_path_INTLTOOL_PERL=/usr/bin/perl
ac_cv_path_install='/usr/bin/install -c'
ac_cv_prog_AWK=awk
ac_cv_prog_CPP='gcc -E'
ac_cv_prog_CXXCPP='g++ -E'
ac_cv_prog_ac_ct_AR=ar
ac_cv_prog_ac_ct_CC=gcc
ac_cv_prog_ac_ct_CXX=g++
ac_cv_prog_ac_ct_RANLIB=ranlib
ac_cv_prog_ac_ct_STRIP=strip
ac_cv_prog_cc_c89=
ac_cv_prog_cc_g=yes
ac_cv_prog_cxx_g=yes
ac_cv_prog_f77_g=no
ac_cv_prog_make_make_set=yes
ac_cv_search_strerror='none required'
am_cv_CC_dependencies_compiler_type=gcc3
am_cv_CXX_dependencies_compiler_type=gcc3
am_cv_val_LC_MESSAGES=yes
br_cv_binreloc=no
br_cv_valid_prefixes=no
link_cv_warn_cflags=' -Wall -Wextra -Wsign-compare -Werror-implicit-function-declaration -Wpointer-arith -Wwrite-strings -Wstrict-prototypes -Wmissing-prototypes -Wmissing-declarations -Wnested-externs -Wpacked -Wswitch-enum -Wmissing-format-attribute -Wstrict-aliasing=2 -Winit-self -Wunsafe-loop-optimizations -Wdeclaration-after-statement -Wold-style-definition -Wno-missing-field-initializers -Wno-unused-parameter -Wno-attributes -Wno-long-long -Winline'
link_cv_warn_maybe='-Wall -Wextra -Wsign-compare -Werror-implicit-function-declaration -Wpointer-arith -Wwrite-strings -Wstrict-prototypes -Wmissing-prototypes -Wmissing-declarations -Wnested-externs -Wpacked -Wswitch-enum -Wmissing-format-attribute -Wstrict-aliasing=2 -Winit-self -Wunsafe-loop-optimizations -Wdeclaration-after-statement -Wold-style-definition -Wno-missing-field-initializers -Wno-unused-parameter -Wno-attributes -Wno-long-long -Winline'
lt_cv_deplibs_check_method=pass_all
lt_cv_file_magic_cmd='$MAGIC_CMD'
lt_cv_file_magic_test_file=
lt_cv_ld_reload_flag=-r
lt_cv_objdir=.libs
lt_cv_path_LD=/usr/libexec/gcc/i686-apple-darwin10/4.2.1/ld
lt_cv_path_LDCXX=/usr/libexec/gcc/i686-apple-darwin10/4.2.1/ld
lt_cv_path_NM=/usr/bin/nm
lt_cv_path_SED=/usr/bin/sed
lt_cv_prog_compiler_c_o=yes
lt_cv_prog_compiler_c_o_CXX=yes
lt_cv_prog_compiler_rtti_exceptions=no
lt_cv_prog_gnu_ld=no
lt_cv_prog_gnu_ldcxx=no
lt_cv_sys_global_symbol_pipe='sed -n -e '\''s/^.*[ 	]\([BCDEGRST][BCDEGRST]*\)[ 	][ 	]*_\([_A-Za-z][_A-Za-z0-9]*\)$/\1 _\2 \2/p'\'''
lt_cv_sys_global_symbol_to_c_name_address='sed -n -e '\''s/^: \([^ ]*\) $/  {\"\1\", (lt_ptr) 0},/p'\'' -e '\''s/^[BCDEGRST] \([^ ]*\) \([^ ]*\)$/  {"\2", (lt_ptr) \&\2},/p'\'''
lt_cv_sys_global_symbol_to_cdecl='sed -n -e '\''s/^. .* \(.*\)$/extern int \1;/p'\'''
lt_cv_sys_max_cmd_len=196608
lt_lt_cv_prog_compiler_c_o='"yes"'
lt_lt_cv_prog_compiler_c_o_CXX='"yes"'
lt_lt_cv_sys_global_symbol_pipe='"sed -n -e '\''s/^.*[ 	]\\([BCDEGRST][BCDEGRST]*\\)[ 	][ 	]*_\\([_A-Za-z][_A-Za-z0-9]*\\)\$/\\1 _\\2 \\2/p'\''"'
lt_lt_cv_sys_global_symbol_to_c_name_address='"sed -n -e '\''s/^: \\([^ ]*\\) \$/  {\\\"\\1\\\", (lt_ptr) 0},/p'\'' -e '\''s/^[BCDEGRST] \\([^ ]*\\) \\([^ ]*\\)\$/  {\"\\2\", (lt_ptr) \\&\\2},/p'\''"'
lt_lt_cv_sys_global_symbol_to_cdecl='"sed -n -e '\''s/^. .* \\(.*\\)\$/extern int \\1;/p'\''"'

## ----------------- ##
## Output variables. ##
## ----------------- ##

ACLOCAL='${SHELL} /Users/jinx/projects/goldstar/tools/link-grammar/missing --run aclocal-1.10'
AMDEPBACKSLASH='\'
AMDEP_FALSE='#'
AMDEP_TRUE=''
AMTAR='${SHELL} /Users/jinx/projects/goldstar/tools/link-grammar/missing --run tar'
AR='ar'
AS='as'
AUTOCONF='${SHELL} /Users/jinx/projects/goldstar/tools/link-grammar/missing --run autoconf'
AUTOHEADER='${SHELL} /Users/jinx/projects/goldstar/tools/link-grammar/missing --run autoheader'
AUTOMAKE='${SHELL} /Users/jinx/projects/goldstar/tools/link-grammar/missing --run automake-1.10'
AWK='awk'
BINRELOC_CFLAGS=''
BINRELOC_LIBS=''
CC='gcc'
CCDEPMODE='depmode=gcc3'
CFLAGS='-g -O2'
CPP='gcc -E'
CPPFLAGS=' -DHAVE_EDITLINE=1     -I/usr/include/classpath/    -I/opt/jdk1.5/include/    -I/opt/jdk1.5/include/linux    -I/usr/lib/jvm/java-6-sun/include/    -I/usr/lib/jvm/java-6-sun/include/linux    -I/c/java/jdk1.6.0/include/    -I/c/java/jdk1.6.0/include/win32/    -I/Developer/SDKs/MacOSX10.5.sdk/System/Library/Frameworks/JavaVM.framework/Headers/    -I/Developer/SDKs/MacOSX10.4u.sdk/System/Library/Frameworks/JavaVM.framework/Headers/ '
CXX='g++'
CXXCPP='g++ -E'
CXXDEPMODE='depmode=gcc3'
CXXFLAGS='-g -O2'
CYGPATH_W='echo'
DEFS='-DPACKAGE_NAME=\"\" -DPACKAGE_TARNAME=\"\" -DPACKAGE_VERSION=\"\" -DPACKAGE_STRING=\"\" -DPACKAGE_BUGREPORT=\"\" -DPACKAGE=\"link-grammar\" -DVERSION=\"4.3.5\" -DSTDC_HEADERS=1 -DHAVE_SYS_TYPES_H=1 -DHAVE_SYS_STAT_H=1 -DHAVE_STDLIB_H=1 -DHAVE_STRING_H=1 -DHAVE_MEMORY_H=1 -DHAVE_STRINGS_H=1 -DHAVE_INTTYPES_H=1 -DHAVE_STDINT_H=1 -DHAVE_UNISTD_H=1 -DHAVE_DLFCN_H=1 -DHAVE_LOCALE_H=1 -DHAVE_LC_MESSAGES=1'
DEPDIR='.deps'
DLLTOOL='dlltool'
ECHO='/bin/echo'
ECHO_C='ECHO_N=''
ECHO_T=''
EGREP='/usr/bin/grep -E'
EXEEXT=''
F77=''
FFLAGS=''
GREP='/usr/bin/grep'
HAVE_EDITLINE_FALSE='#'
HAVE_EDITLINE_TRUE=''
HAVE_JAVA_FALSE='#'
HAVE_JAVA_TRUE=''
INSTALL_DATA='${INSTALL} -m 644'
INSTALL_PROGRAM='${INSTALL}'
INSTALL_SCRIPT='${INSTALL}'
INSTALL_STRIP_PROGRAM='$(install_sh) -c -s'
LDFLAGS=''
LIBOBJS=''
LIBS=''
LIBTOOL='$(SHELL) $(top_builddir)/libtool'
LINK_CFLAGS='  -Wall -Wextra -Wsign-compare -Werror-implicit-function-declaration -Wpointer-arith -Wwrite-strings -Wstrict-prototypes -Wmissing-prototypes -Wmissing-declarations -Wnested-externs -Wpacked -Wswitch-enum -Wmissing-format-attribute -Wstrict-aliasing=2 -Winit-self -Wunsafe-loop-optimizations -Wdeclaration-after-statement -Wold-style-definition -Wno-missing-field-initializers -Wno-unused-parameter -Wno-attributes -Wno-long-long -Winline -fno-strict-aliasing'
LINK_MAJOR_VERSION='4'
LINK_MICRO_VERSION='5'
LINK_MINOR_VERSION='3'
LN_S='ln -s'
LTLIBOBJS=''
MAINT='#'
MAINTAINER_MODE_FALSE=''
MAINTAINER_MODE_TRUE='#'
MAKEINFO='${SHELL} /Users/jinx/projects/goldstar/tools/link-grammar/missing --run makeinfo'
OBJDUMP='objdump'
OBJEXT='o'
OS_WIN32_FALSE=''
OS_WIN32_TRUE='#'
PACKAGE='link-grammar'
PACKAGE_BUGREPORT=''
PACKAGE_NAME=''
PACKAGE_STRING=''
PACKAGE_TARNAME=''
PACKAGE_VERSION=''
PATH_SEPARATOR=':'
RANLIB='ranlib'
SED='/usr/bin/sed'
SET_MAKE=''
SHELL='/bin/sh'
STRIP='strip'
VERSION='4.3.5'
VERSION_INFO='7:5:3'
WITH_BINRELOC_FALSE=''
WITH_BINRELOC_TRUE='#'
ac_ct_CC='gcc'
ac_ct_CXX='g++'
ac_ct_F77=''
am__fastdepCC_FALSE='#'
am__fastdepCC_TRUE=''
am__fastdepCXX_FALSE='#'
am__fastdepCXX_TRUE=''
am__include='include'
am__isrc=''
am__leading_dot='.'
am__quote=''
am__tar='${AMTAR} chof - "$$tardir"'
am__untar='${AMTAR} xf -'
bindir='${exec_prefix}/bin'
build='i386-apple-darwin10.8.0'
build_alias=''
build_cpu='i386'
build_os='darwin10.8.0'
build_vendor='apple'
datadir='${datarootdir}'
datarootdir='${prefix}/share'
docdir='${datarootdir}/doc/${PACKAGE}'
dvidir='${docdir}'
exec_prefix='${prefix}'
host='i386-apple-darwin10.8.0'
host_alias=''
host_cpu='i386'
host_os='darwin10.8.0'
host_vendor='apple'
htmldir='${docdir}'
includedir='${prefix}/include'
infodir='${datarootdir}/info'
install_sh='$(SHELL) /Users/jinx/projects/goldstar/tools/link-grammar/install-sh'
libdir='${exec_prefix}/lib'
libexecdir='${exec_prefix}/libexec'
localedir='${datarootdir}/locale'
localstatedir='${prefix}/var'
mandir='${datarootdir}/man'
mkdir_p='$(top_builddir)/./install-sh -c -d'
oldincludedir='/usr/include'
pdfdir='${docdir}'
prefix='/usr/local'
program_transform_name='s,x,x,'
psdir='${docdir}'
sbindir='${exec_prefix}/sbin'
sharedstatedir='${prefix}/com'
sysconfdir='${prefix}/etc'
target_alias=''

## ----------- ##
## confdefs.h. ##
## ----------- ##

#define PACKAGE_NAME ""
#define PACKAGE_TARNAME ""
#define PACKAGE_VERSION ""
#define PACKAGE_STRING ""
#define PACKAGE_BUGREPORT ""
#define PACKAGE "link-grammar"
#define VERSION "4.3.5"
#define STDC_HEADERS 1
#define HAVE_SYS_TYPES_H 1
#define HAVE_SYS_STAT_H 1
#define HAVE_STDLIB_H 1
#define HAVE_STRING_H 1
#define HAVE_MEMORY_H 1
#define HAVE_STRINGS_H 1
#define HAVE_INTTYPES_H 1
#define HAVE_STDINT_H 1
#define HAVE_UNISTD_H 1
#define HAVE_DLFCN_H 1
#define HAVE_LOCALE_H 1
#define HAVE_LC_MESSAGES 1

configure: exit 0
